<?xml version="1.0" encoding="UTF-8"?>
<testsuite name="Busqueda de 3 productos exitosomante por la caja de texto y Productos enviados desde excel" tests="1" skipped="0" failures="0" errors="0" timestamp="2022-08-16T01:14:40" hostname="DESKTOP-TQUR8IO" time="56.991">
  <properties/>
  <testcase name="Buscar Productos" classname="Busqueda de 3 productos exitosomante por la caja de texto y Productos enviados desde excel" time="56.991"/>
  <system-out><![CDATA[]]></system-out>
  <system-err><![CDATA[Starting ChromeDriver 103.0.5060.134 (8ec6fce403b3feb0869b0732eda8bd95011d333c-refs/branch-heads/5060@{#1262}) on port 50159
Only local connections are allowed.
Please see https://chromedriver.chromium.org/security-considerations for suggestions on keeping ChromeDriver safe.
ChromeDriver was started successfully.
[1660612481.875][WARNING]: This version of ChromeDriver has not been tested with Chrome version 104.
ago 15, 2022 8:14:41 PM org.openqa.selenium.remote.ProtocolHandshake createSession
INFORMACIÃ“N: Detected dialect: W3C
[Test worker] INFO net.thucydides.core.steps.ConsoleLoggingListener - 
        __    _____ _____ ____ _____   ____   _    ____  ____  _____ ____  
  _     \ \  |_   _| ____/ ___|_   _| |  _ \ / \  / ___|/ ___|| ____|  _ \ 
 (_)_____| |   | | |  _| \___ \ | |   | |_) / _ \ \___ \\___ \|  _| | | | |
  _|_____| |   | | | |___ ___) || |   |  __/ ___ \ ___) |___) | |___| |_| |
 (_)     | |   |_| |_____|____/ |_|   |_| /_/   \_\____/|____/|_____|____/ 
        /_/                                                                

TEST PASSED: Buscar Productos
----------------------------------------------------------------------------
]]></system-err>
</testsuite>
