<?xml version="1.0" encoding="UTF-8"?>
<testsuite name="Busqueda y validacion de 5  productos exitosomante en una categoria" tests="1" skipped="0" failures="0" errors="0" timestamp="2022-08-03T23:19:04" hostname="DESKTOP-TQUR8IO" time="34.523">
  <properties/>
  <testcase name="Busqueda y validacion de 5 productos 5 en una categoria de bikesonline exitosamnete" classname="Busqueda y validacion de 5  productos exitosomante en una categoria" time="34.523"/>
  <system-out><![CDATA[]]></system-out>
  <system-err><![CDATA[Starting ChromeDriver 103.0.5060.134 (8ec6fce403b3feb0869b0732eda8bd95011d333c-refs/branch-heads/5060@{#1262}) on port 38302
Only local connections are allowed.
Please see https://chromedriver.chromium.org/security-considerations for suggestions on keeping ChromeDriver safe.
ChromeDriver was started successfully.
Aug 03, 2022 6:19:06 PM org.openqa.selenium.remote.ProtocolHandshake createSession
INFO: Detected dialect: W3C
[Test worker] INFO net.thucydides.core.steps.ConsoleLoggingListener - 
        __    _____ _____ ____ _____   ____   _    ____  ____  _____ ____  
  _     \ \  |_   _| ____/ ___|_   _| |  _ \ / \  / ___|/ ___|| ____|  _ \ 
 (_)_____| |   | | |  _| \___ \ | |   | |_) / _ \ \___ \\___ \|  _| | | | |
  _|_____| |   | | | |___ ___) || |   |  __/ ___ \ ___) |___) | |___| |_| |
 (_)     | |   |_| |_____|____/ |_|   |_| /_/   \_\____/|____/|_____|____/ 
        /_/                                                                

TEST PASSED: Busqueda y validacion de 5 productos 5 en una categoria de bikesonline exitosamnete
----------------------------------------------------------------------------
]]></system-err>
</testsuite>
